<?xml version="1.0" encoding="UTF-8"?>
<!-- Generated by org.testng.reporters.JUnitReportReporter -->
<testsuite hostname="LAPTOP-VH36USAN" failures="0" tests="1" name="runner.TestRunner" time="129.874" errors="0" timestamp="2024-03-16T09:33:36 IST" skipped="0">
  <testcase classname="runner.TestRunner" name="runScenario" time="129.874"/>
  <system-out/>
</testsuite> <!-- runner.TestRunner -->
